{"contracts\\contracts\\MockUSDT.sol":{"l":{"8":35,"12":0},"path":"D:\\Daamah\\Clients\\Final-pronova-website-with-presale\\pronova-website\\backend\\contracts\\contracts\\MockUSDT.sol","s":{"1":35,"2":0},"b":{},"f":{"1":35,"2":0},"fnMap":{"1":{"name":"constructor","line":7,"loc":{"start":{"line":7,"column":4},"end":{"line":9,"column":4}}},"2":{"name":"decimals","line":11,"loc":{"start":{"line":11,"column":4},"end":{"line":13,"column":4}}}},"statementMap":{"1":{"start":{"line":8,"column":8},"end":{"line":8,"column":41}},"2":{"start":{"line":12,"column":8},"end":{"line":12,"column":16}}},"branchMap":{}},"contracts\\contracts\\MockV3Aggregator.sol":{"l":{"20":35,"21":35,"25":35,"26":35,"27":35,"28":35,"29":35,"30":35,"39":0,"40":0,"41":0,"42":0,"43":0,"44":0,"58":0,"78":5,"88":0},"path":"D:\\Daamah\\Clients\\Final-pronova-website-with-presale\\pronova-website\\backend\\contracts\\contracts\\MockV3Aggregator.sol","s":{"1":35,"2":0,"3":5,"4":0},"b":{},"f":{"1":35,"2":35,"3":0,"4":0,"5":5,"6":0},"fnMap":{"1":{"name":"constructor","line":19,"loc":{"start":{"line":19,"column":4},"end":{"line":22,"column":4}}},"2":{"name":"updateAnswer","line":24,"loc":{"start":{"line":24,"column":4},"end":{"line":31,"column":4}}},"3":{"name":"updateRoundData","line":33,"loc":{"start":{"line":33,"column":4},"end":{"line":45,"column":4}}},"4":{"name":"getRoundData","line":47,"loc":{"start":{"line":47,"column":4},"end":{"line":65,"column":4}}},"5":{"name":"latestRoundData","line":67,"loc":{"start":{"line":67,"column":4},"end":{"line":85,"column":4}}},"6":{"name":"description","line":87,"loc":{"start":{"line":87,"column":4},"end":{"line":89,"column":4}}}},"statementMap":{"1":{"start":{"line":21,"column":8},"end":{"line":21,"column":35}},"2":{"start":{"line":58,"column":8},"end":{"line":58,"column":1615}},"3":{"start":{"line":78,"column":8},"end":{"line":78,"column":2045}},"4":{"start":{"line":88,"column":8},"end":{"line":88,"column":48}}},"branchMap":{}},"contracts\\contracts\\PronovaPresale.sol":{"l":{"129":35,"130":35,"131":35,"133":35,"134":35,"135":35,"138":35,"139":35,"140":35,"143":35,"144":35,"146":35,"147":35,"150":35,"159":35,"171":35,"183":35,"196":5,"197":5,"199":5,"206":0,"210":0,"217":0,"224":5,"225":5,"229":5,"231":5,"232":5,"235":5,"239":5,"240":5,"244":0,"251":0,"252":0,"255":0,"257":0,"258":0,"260":0,"264":0,"265":0,"269":0,"281":5,"283":5,"284":5,"285":5,"287":5,"290":5,"292":5,"303":0,"305":0,"306":0,"307":0,"309":0,"311":0,"313":0,"325":0,"327":0,"329":0,"331":0,"333":0,"340":5,"342":5,"343":0,"344":0,"346":0,"347":0,"349":0,"362":5,"363":5,"364":5,"365":5,"366":5,"369":5,"370":5,"373":5,"374":5,"377":5,"378":5,"379":5,"381":5,"382":5,"383":5,"384":5,"385":5,"388":5,"389":1,"392":1,"393":0,"396":1,"397":1,"399":1,"400":1,"401":1,"402":1,"404":1,"408":5,"409":5,"416":2,"417":1,"418":1,"419":1,"421":1,"422":1,"425":1,"426":1,"427":1,"429":1,"430":1,"432":1,"439":11,"441":11,"443":11,"444":11,"445":11,"446":11,"448":11,"449":6,"453":5,"454":5,"456":5,"458":5,"459":1,"460":3,"461":2,"464":1,"467":5,"468":5,"477":7,"478":7,"482":6,"483":5,"485":4,"487":4,"488":4,"489":4,"490":4,"492":4,"493":2,"497":2,"498":2,"500":2,"501":2,"503":2,"504":2,"505":2,"510":3,"514":1,"522":13,"524":13,"525":12,"526":12,"527":12,"529":12,"530":6,"534":7,"535":6,"537":6,"538":6,"539":6,"543":7,"544":10,"545":10,"551":1,"560":3,"561":3,"576":1,"577":1,"590":0},"path":"D:\\Daamah\\Clients\\Final-pronova-website-with-presale\\pronova-website\\backend\\contracts\\contracts\\PronovaPresale.sol","s":{"1":35,"2":35,"3":35,"4":35,"5":35,"6":35,"7":35,"8":35,"9":35,"10":5,"11":5,"12":0,"13":0,"14":5,"15":5,"16":5,"17":5,"18":5,"19":5,"20":5,"21":5,"22":0,"23":0,"24":0,"25":0,"26":0,"27":0,"28":0,"29":0,"30":0,"31":0,"32":5,"33":5,"34":5,"35":5,"36":5,"37":5,"38":5,"39":0,"40":0,"41":0,"42":0,"43":0,"44":0,"45":0,"46":0,"47":0,"48":0,"49":0,"50":0,"51":5,"52":5,"53":0,"54":0,"55":0,"56":0,"57":5,"58":5,"59":5,"60":5,"61":5,"62":5,"63":5,"64":5,"65":5,"66":5,"67":5,"68":1,"69":1,"70":1,"71":1,"72":1,"73":1,"74":5,"75":5,"76":2,"77":1,"78":1,"79":1,"80":1,"81":1,"82":1,"83":1,"84":1,"85":11,"86":11,"87":11,"88":11,"89":11,"90":6,"91":5,"92":5,"93":1,"94":3,"95":5,"96":5,"97":7,"98":7,"99":6,"100":5,"101":4,"102":4,"103":4,"104":4,"105":2,"106":2,"107":2,"108":2,"109":2,"110":3,"111":1,"112":13,"113":13,"114":12,"115":12,"116":6,"117":7,"118":6,"119":6,"120":7,"121":10,"122":1,"123":3,"124":3,"125":1,"126":1,"127":0},"b":{"1":[35,0],"2":[35,0],"3":[35,0],"4":[35,0],"5":[35,0],"6":[5,0],"7":[5,0],"8":[0,1],"9":[0,0],"10":[0,0],"11":[5,0],"12":[5,0],"13":[5,0],"14":[0,5],"15":[5,0],"16":[0,0],"17":[0,0],"18":[0,0],"19":[0,0],"20":[0,0],"21":[5,0],"22":[5,0],"23":[5,0],"24":[5,0],"25":[5,0],"26":[0,0],"27":[0,0],"28":[0,0],"29":[0,0],"30":[0,0],"31":[0,0],"32":[0,0],"33":[0,0],"34":[0,0],"35":[0,0],"36":[0,5],"37":[0,0],"38":[0,0],"39":[0,0],"40":[5,0],"41":[5,0],"42":[5,0],"43":[5,0],"44":[5,0],"45":[5,0],"46":[5,0],"47":[1,4],"48":[0,1],"49":[1,0],"50":[2,0],"51":[1,1],"52":[1,0],"53":[1,0],"54":[11,1],"55":[11,0],"56":[11,0],"57":[6,5],"58":[5,0],"59":[1,4],"60":[2,1],"61":[7,1],"62":[7,0],"63":[6,1],"64":[5,1],"65":[4,1],"66":[4,0],"67":[2,2],"68":[2,0],"69":[3,0],"70":[1,0],"71":[13,1],"72":[12,1],"73":[6,6],"74":[6,1],"75":[7,0],"76":[0,0]},"f":{"1":35,"2":35,"3":5,"4":0,"5":5,"6":0,"7":5,"8":0,"9":0,"10":5,"11":5,"12":2,"13":11,"14":7,"15":3,"16":1,"17":13,"18":7,"19":1,"20":3,"21":1,"22":0},"fnMap":{"1":{"name":"constructor","line":122,"loc":{"start":{"line":122,"column":4},"end":{"line":151,"column":4}}},"2":{"name":"_initializePhases","line":157,"loc":{"start":{"line":157,"column":4},"end":{"line":193,"column":4}}},"3":{"name":"onlyWhitelisted","line":195,"loc":{"start":{"line":195,"column":4},"end":{"line":200,"column":4}}},"4":{"name":"commitPurchase","line":205,"loc":{"start":{"line":205,"column":4},"end":{"line":218,"column":4}}},"5":{"name":"_getETHPriceInUSD","line":223,"loc":{"start":{"line":223,"column":4},"end":{"line":245,"column":4}}},"6":{"name":"_getBNBPriceInUSD","line":250,"loc":{"start":{"line":250,"column":4},"end":{"line":270,"column":4}}},"7":{"name":"buyWithETH","line":279,"loc":{"start":{"line":275,"column":4},"end":{"line":293,"column":4}}},"8":{"name":"buyWithBNB","line":302,"loc":{"start":{"line":298,"column":4},"end":{"line":314,"column":4}}},"9":{"name":"buyWithUSDT","line":324,"loc":{"start":{"line":319,"column":4},"end":{"line":334,"column":4}}},"10":{"name":"_verifyCommitment","line":339,"loc":{"start":{"line":339,"column":4},"end":{"line":351,"column":4}}},"11":{"name":"_processPurchase","line":356,"loc":{"start":{"line":356,"column":4},"end":{"line":410,"column":4}}},"12":{"name":"claimTokens","line":415,"loc":{"start":{"line":415,"column":4},"end":{"line":433,"column":4}}},"13":{"name":"updatePhase","line":438,"loc":{"start":{"line":438,"column":4},"end":{"line":469,"column":4}}},"14":{"name":"updatePrices","line":475,"loc":{"start":{"line":475,"column":4},"end":{"line":506,"column":4}}},"15":{"name":"pause","line":509,"loc":{"start":{"line":509,"column":4},"end":{"line":511,"column":4}}},"16":{"name":"unpause","line":513,"loc":{"start":{"line":513,"column":4},"end":{"line":515,"column":4}}},"17":{"name":"setClaimEnabled","line":521,"loc":{"start":{"line":521,"column":4},"end":{"line":540,"column":4}}},"18":{"name":"updateWhitelist","line":542,"loc":{"start":{"line":542,"column":4},"end":{"line":547,"column":4}}},"19":{"name":"getExpectedListingPrice","line":550,"loc":{"start":{"line":550,"column":4},"end":{"line":552,"column":4}}},"20":{"name":"getUserPurchaseInfo","line":554,"loc":{"start":{"line":554,"column":4},"end":{"line":567,"column":4}}},"21":{"name":"getPhaseInfo","line":569,"loc":{"start":{"line":569,"column":4},"end":{"line":584,"column":4}}},"22":{"name":"confirmStartPresale","line":589,"loc":{"start":{"line":589,"column":4},"end":{"line":591,"column":4}}}},"statementMap":{"1":{"start":{"line":129,"column":8},"end":{"line":129,"column":60}},"2":{"start":{"line":130,"column":8},"end":{"line":130,"column":56}},"3":{"start":{"line":131,"column":8},"end":{"line":131,"column":65}},"4":{"start":{"line":138,"column":8},"end":{"line":138,"column":49}},"5":{"start":{"line":139,"column":8},"end":{"line":139,"column":41}},"6":{"start":{"line":140,"column":8},"end":{"line":140,"column":44}},"7":{"start":{"line":143,"column":8},"end":{"line":143,"column":5607}},"8":{"start":{"line":146,"column":8},"end":{"line":146,"column":5734}},"9":{"start":{"line":150,"column":8},"end":{"line":150,"column":26}},"10":{"start":{"line":196,"column":8},"end":{"line":196,"column":7572}},"11":{"start":{"line":197,"column":12},"end":{"line":197,"column":60}},"12":{"start":{"line":206,"column":8},"end":{"line":206,"column":7885}},"13":{"start":{"line":217,"column":8},"end":{"line":217,"column":55}},"14":{"start":{"line":224,"column":8},"end":{"line":224,"column":8454}},"15":{"start":{"line":225,"column":12},"end":{"line":225,"column":8525}},"16":{"start":{"line":229,"column":16},"end":{"line":229,"column":73}},"17":{"start":{"line":231,"column":16},"end":{"line":231,"column":8807}},"18":{"start":{"line":232,"column":20},"end":{"line":232,"column":65}},"19":{"start":{"line":235,"column":20},"end":{"line":235,"column":9062}},"20":{"start":{"line":239,"column":20},"end":{"line":239,"column":94}},"21":{"start":{"line":240,"column":20},"end":{"line":240,"column":41}},"22":{"start":{"line":244,"column":8},"end":{"line":244,"column":28}},"23":{"start":{"line":251,"column":8},"end":{"line":251,"column":9573}},"24":{"start":{"line":252,"column":12},"end":{"line":252,"column":9644}},"25":{"start":{"line":255,"column":16},"end":{"line":255,"column":73}},"26":{"start":{"line":257,"column":16},"end":{"line":257,"column":9869}},"27":{"start":{"line":258,"column":20},"end":{"line":258,"column":65}},"28":{"start":{"line":260,"column":20},"end":{"line":260,"column":10040}},"29":{"start":{"line":264,"column":20},"end":{"line":264,"column":94}},"30":{"start":{"line":265,"column":20},"end":{"line":265,"column":41}},"31":{"start":{"line":269,"column":8},"end":{"line":269,"column":28}},"32":{"start":{"line":281,"column":8},"end":{"line":281,"column":54}},"33":{"start":{"line":283,"column":8},"end":{"line":283,"column":47}},"34":{"start":{"line":284,"column":8},"end":{"line":284,"column":49}},"35":{"start":{"line":285,"column":8},"end":{"line":285,"column":62}},"36":{"start":{"line":287,"column":8},"end":{"line":287,"column":89}},"37":{"start":{"line":290,"column":8},"end":{"line":290,"column":72}},"38":{"start":{"line":292,"column":8},"end":{"line":292,"column":51}},"39":{"start":{"line":303,"column":8},"end":{"line":303,"column":54}},"40":{"start":{"line":305,"column":8},"end":{"line":305,"column":47}},"41":{"start":{"line":306,"column":8},"end":{"line":306,"column":49}},"42":{"start":{"line":307,"column":8},"end":{"line":307,"column":62}},"43":{"start":{"line":309,"column":8},"end":{"line":309,"column":89}},"44":{"start":{"line":311,"column":8},"end":{"line":311,"column":72}},"45":{"start":{"line":313,"column":8},"end":{"line":313,"column":51}},"46":{"start":{"line":325,"column":8},"end":{"line":325,"column":51}},"47":{"start":{"line":327,"column":8},"end":{"line":327,"column":44}},"48":{"start":{"line":329,"column":8},"end":{"line":329,"column":87}},"49":{"start":{"line":331,"column":8},"end":{"line":331,"column":72}},"50":{"start":{"line":333,"column":8},"end":{"line":333,"column":69}},"51":{"start":{"line":340,"column":8},"end":{"line":340,"column":74}},"52":{"start":{"line":342,"column":8},"end":{"line":342,"column":12749}},"53":{"start":{"line":343,"column":12},"end":{"line":343,"column":105}},"54":{"start":{"line":344,"column":12},"end":{"line":344,"column":99}},"55":{"start":{"line":346,"column":12},"end":{"line":346,"column":90}},"56":{"start":{"line":347,"column":12},"end":{"line":347,"column":85}},"57":{"start":{"line":362,"column":8},"end":{"line":362,"column":50}},"58":{"start":{"line":363,"column":8},"end":{"line":363,"column":50}},"59":{"start":{"line":364,"column":8},"end":{"line":364,"column":108}},"60":{"start":{"line":365,"column":8},"end":{"line":365,"column":63}},"61":{"start":{"line":366,"column":8},"end":{"line":366,"column":63}},"62":{"start":{"line":369,"column":8},"end":{"line":369,"column":101}},"63":{"start":{"line":370,"column":8},"end":{"line":370,"column":83}},"64":{"start":{"line":373,"column":8},"end":{"line":373,"column":76}},"65":{"start":{"line":374,"column":8},"end":{"line":374,"column":104}},"66":{"start":{"line":381,"column":8},"end":{"line":381,"column":64}},"67":{"start":{"line":388,"column":8},"end":{"line":388,"column":14797}},"68":{"start":{"line":389,"column":12},"end":{"line":389,"column":82}},"69":{"start":{"line":392,"column":12},"end":{"line":392,"column":15006}},"70":{"start":{"line":396,"column":12},"end":{"line":396,"column":15189}},"71":{"start":{"line":399,"column":16},"end":{"line":399,"column":69}},"72":{"start":{"line":402,"column":16},"end":{"line":402,"column":48}},"73":{"start":{"line":404,"column":16},"end":{"line":404,"column":74}},"74":{"start":{"line":408,"column":8},"end":{"line":408,"column":92}},"75":{"start":{"line":409,"column":8},"end":{"line":409,"column":30}},"76":{"start":{"line":416,"column":8},"end":{"line":416,"column":49}},"77":{"start":{"line":417,"column":8},"end":{"line":417,"column":69}},"78":{"start":{"line":418,"column":8},"end":{"line":418,"column":66}},"79":{"start":{"line":419,"column":8},"end":{"line":419,"column":65}},"80":{"start":{"line":421,"column":8},"end":{"line":421,"column":63}},"81":{"start":{"line":422,"column":8},"end":{"line":422,"column":60}},"82":{"start":{"line":429,"column":8},"end":{"line":429,"column":59}},"83":{"start":{"line":430,"column":8},"end":{"line":430,"column":58}},"84":{"start":{"line":432,"column":8},"end":{"line":432,"column":52}},"85":{"start":{"line":439,"column":8},"end":{"line":439,"column":72}},"86":{"start":{"line":441,"column":8},"end":{"line":441,"column":93}},"87":{"start":{"line":443,"column":8},"end":{"line":443,"column":16946}},"88":{"start":{"line":446,"column":12},"end":{"line":446,"column":60}},"89":{"start":{"line":448,"column":12},"end":{"line":448,"column":17204}},"90":{"start":{"line":449,"column":16},"end":{"line":449,"column":22}},"91":{"start":{"line":453,"column":8},"end":{"line":453,"column":67}},"92":{"start":{"line":458,"column":8},"end":{"line":458,"column":17494}},"93":{"start":{"line":459,"column":12},"end":{"line":459,"column":17527}},"94":{"start":{"line":460,"column":16},"end":{"line":460,"column":17593}},"95":{"start":{"line":467,"column":8},"end":{"line":467,"column":45}},"96":{"start":{"line":468,"column":8},"end":{"line":468,"column":43}},"97":{"start":{"line":477,"column":8},"end":{"line":477,"column":18200}},"98":{"start":{"line":478,"column":12},"end":{"line":478,"column":96}},"99":{"start":{"line":482,"column":8},"end":{"line":482,"column":99}},"100":{"start":{"line":483,"column":8},"end":{"line":483,"column":97}},"101":{"start":{"line":485,"column":8},"end":{"line":485,"column":96}},"102":{"start":{"line":487,"column":8},"end":{"line":487,"column":18732}},"103":{"start":{"line":490,"column":12},"end":{"line":490,"column":60}},"104":{"start":{"line":492,"column":12},"end":{"line":492,"column":18990}},"105":{"start":{"line":493,"column":16},"end":{"line":493,"column":22}},"106":{"start":{"line":497,"column":8},"end":{"line":497,"column":67}},"107":{"start":{"line":503,"column":8},"end":{"line":503,"column":43}},"108":{"start":{"line":504,"column":8},"end":{"line":504,"column":43}},"109":{"start":{"line":505,"column":8},"end":{"line":505,"column":43}},"110":{"start":{"line":510,"column":8},"end":{"line":510,"column":15}},"111":{"start":{"line":514,"column":8},"end":{"line":514,"column":17}},"112":{"start":{"line":522,"column":8},"end":{"line":522,"column":88}},"113":{"start":{"line":524,"column":8},"end":{"line":524,"column":20024}},"114":{"start":{"line":527,"column":12},"end":{"line":527,"column":60}},"115":{"start":{"line":529,"column":12},"end":{"line":529,"column":20282}},"116":{"start":{"line":530,"column":16},"end":{"line":530,"column":22}},"117":{"start":{"line":534,"column":8},"end":{"line":534,"column":67}},"118":{"start":{"line":538,"column":8},"end":{"line":538,"column":41}},"119":{"start":{"line":539,"column":8},"end":{"line":539,"column":43}},"120":{"start":{"line":543,"column":8},"end":{"line":543,"column":20794}},"121":{"start":{"line":545,"column":12},"end":{"line":545,"column":51}},"122":{"start":{"line":551,"column":8},"end":{"line":551,"column":37}},"123":{"start":{"line":560,"column":8},"end":{"line":560,"column":58}},"124":{"start":{"line":561,"column":8},"end":{"line":561,"column":21409}},"125":{"start":{"line":576,"column":8},"end":{"line":576,"column":44}},"126":{"start":{"line":577,"column":8},"end":{"line":577,"column":21866}},"127":{"start":{"line":590,"column":8},"end":{"line":590,"column":32}}},"branchMap":{"1":{"line":129,"type":"if","locations":[{"start":{"line":129,"column":8},"end":{"line":129,"column":8}},{"start":{"line":129,"column":8},"end":{"line":129,"column":8}}]},"2":{"line":130,"type":"if","locations":[{"start":{"line":130,"column":8},"end":{"line":130,"column":8}},{"start":{"line":130,"column":8},"end":{"line":130,"column":8}}]},"3":{"line":131,"type":"if","locations":[{"start":{"line":131,"column":8},"end":{"line":131,"column":8}},{"start":{"line":131,"column":8},"end":{"line":131,"column":8}}]},"4":{"line":143,"type":"if","locations":[{"start":{"line":143,"column":8},"end":{"line":143,"column":8}},{"start":{"line":143,"column":8},"end":{"line":143,"column":8}}]},"5":{"line":146,"type":"if","locations":[{"start":{"line":146,"column":8},"end":{"line":146,"column":8}},{"start":{"line":146,"column":8},"end":{"line":146,"column":8}}]},"6":{"line":196,"type":"if","locations":[{"start":{"line":196,"column":8},"end":{"line":196,"column":8}},{"start":{"line":196,"column":8},"end":{"line":196,"column":8}}]},"7":{"line":197,"type":"if","locations":[{"start":{"line":197,"column":12},"end":{"line":197,"column":12}},{"start":{"line":197,"column":12},"end":{"line":197,"column":12}}]},"8":{"line":205,"type":"if","locations":[{"start":{"line":205,"column":58},"end":{"line":205,"column":58}},{"start":{"line":205,"column":58},"end":{"line":205,"column":58}}]},"9":{"line":206,"type":"if","locations":[{"start":{"line":206,"column":8},"end":{"line":206,"column":8}},{"start":{"line":206,"column":8},"end":{"line":206,"column":8}}]},"10":{"line":206,"type":"cond-expr","locations":[{"start":{"line":206,"column":16},"end":{"line":206,"column":63}},{"start":{"line":207,"column":16},"end":{"line":207,"column":89}}]},"11":{"line":224,"type":"if","locations":[{"start":{"line":224,"column":8},"end":{"line":224,"column":8}},{"start":{"line":224,"column":8},"end":{"line":224,"column":8}}]},"12":{"line":229,"type":"if","locations":[{"start":{"line":229,"column":16},"end":{"line":229,"column":16}},{"start":{"line":229,"column":16},"end":{"line":229,"column":16}}]},"13":{"line":231,"type":"if","locations":[{"start":{"line":231,"column":16},"end":{"line":231,"column":16}},{"start":{"line":231,"column":16},"end":{"line":231,"column":16}}]},"14":{"line":236,"type":"if","locations":[{"start":{"line":236,"column":26},"end":{"line":236,"column":81}},{"start":{"line":237,"column":26},"end":{"line":237,"column":81}}]},"15":{"line":239,"type":"if","locations":[{"start":{"line":239,"column":20},"end":{"line":239,"column":20}},{"start":{"line":239,"column":20},"end":{"line":239,"column":20}}]},"16":{"line":251,"type":"if","locations":[{"start":{"line":251,"column":8},"end":{"line":251,"column":8}},{"start":{"line":251,"column":8},"end":{"line":251,"column":8}}]},"17":{"line":255,"type":"if","locations":[{"start":{"line":255,"column":16},"end":{"line":255,"column":16}},{"start":{"line":255,"column":16},"end":{"line":255,"column":16}}]},"18":{"line":257,"type":"if","locations":[{"start":{"line":257,"column":16},"end":{"line":257,"column":16}},{"start":{"line":257,"column":16},"end":{"line":257,"column":16}}]},"19":{"line":261,"type":"if","locations":[{"start":{"line":261,"column":26},"end":{"line":261,"column":81}},{"start":{"line":262,"column":26},"end":{"line":262,"column":81}}]},"20":{"line":264,"type":"if","locations":[{"start":{"line":264,"column":20},"end":{"line":264,"column":20}},{"start":{"line":264,"column":20},"end":{"line":264,"column":20}}]},"21":{"line":279,"type":"if","locations":[{"start":{"line":279,"column":23},"end":{"line":279,"column":23}},{"start":{"line":279,"column":23},"end":{"line":279,"column":23}}]},"22":{"line":279,"type":"if","locations":[{"start":{"line":279,"column":36},"end":{"line":279,"column":36}},{"start":{"line":279,"column":36},"end":{"line":279,"column":36}}]},"23":{"line":279,"type":"if","locations":[{"start":{"line":279,"column":50},"end":{"line":279,"column":50}},{"start":{"line":279,"column":50},"end":{"line":279,"column":50}}]},"24":{"line":283,"type":"if","locations":[{"start":{"line":283,"column":8},"end":{"line":283,"column":8}},{"start":{"line":283,"column":8},"end":{"line":283,"column":8}}]},"25":{"line":290,"type":"if","locations":[{"start":{"line":290,"column":8},"end":{"line":290,"column":8}},{"start":{"line":290,"column":8},"end":{"line":290,"column":8}}]},"26":{"line":302,"type":"if","locations":[{"start":{"line":302,"column":23},"end":{"line":302,"column":23}},{"start":{"line":302,"column":23},"end":{"line":302,"column":23}}]},"27":{"line":302,"type":"if","locations":[{"start":{"line":302,"column":36},"end":{"line":302,"column":36}},{"start":{"line":302,"column":36},"end":{"line":302,"column":36}}]},"28":{"line":302,"type":"if","locations":[{"start":{"line":302,"column":50},"end":{"line":302,"column":50}},{"start":{"line":302,"column":50},"end":{"line":302,"column":50}}]},"29":{"line":305,"type":"if","locations":[{"start":{"line":305,"column":8},"end":{"line":305,"column":8}},{"start":{"line":305,"column":8},"end":{"line":305,"column":8}}]},"30":{"line":311,"type":"if","locations":[{"start":{"line":311,"column":8},"end":{"line":311,"column":8}},{"start":{"line":311,"column":8},"end":{"line":311,"column":8}}]},"31":{"line":324,"type":"if","locations":[{"start":{"line":324,"column":15},"end":{"line":324,"column":15}},{"start":{"line":324,"column":15},"end":{"line":324,"column":15}}]},"32":{"line":324,"type":"if","locations":[{"start":{"line":324,"column":28},"end":{"line":324,"column":28}},{"start":{"line":324,"column":28},"end":{"line":324,"column":28}}]},"33":{"line":324,"type":"if","locations":[{"start":{"line":324,"column":42},"end":{"line":324,"column":42}},{"start":{"line":324,"column":42},"end":{"line":324,"column":42}}]},"34":{"line":327,"type":"if","locations":[{"start":{"line":327,"column":8},"end":{"line":327,"column":8}},{"start":{"line":327,"column":8},"end":{"line":327,"column":8}}]},"35":{"line":331,"type":"if","locations":[{"start":{"line":331,"column":8},"end":{"line":331,"column":8}},{"start":{"line":331,"column":8},"end":{"line":331,"column":8}}]},"36":{"line":342,"type":"if","locations":[{"start":{"line":342,"column":8},"end":{"line":342,"column":8}},{"start":{"line":342,"column":8},"end":{"line":342,"column":8}}]},"37":{"line":343,"type":"if","locations":[{"start":{"line":343,"column":12},"end":{"line":343,"column":12}},{"start":{"line":343,"column":12},"end":{"line":343,"column":12}}]},"38":{"line":344,"type":"if","locations":[{"start":{"line":344,"column":12},"end":{"line":344,"column":12}},{"start":{"line":344,"column":12},"end":{"line":344,"column":12}}]},"39":{"line":347,"type":"if","locations":[{"start":{"line":347,"column":12},"end":{"line":347,"column":12}},{"start":{"line":347,"column":12},"end":{"line":347,"column":12}}]},"40":{"line":363,"type":"if","locations":[{"start":{"line":363,"column":8},"end":{"line":363,"column":8}},{"start":{"line":363,"column":8},"end":{"line":363,"column":8}}]},"41":{"line":364,"type":"if","locations":[{"start":{"line":364,"column":8},"end":{"line":364,"column":8}},{"start":{"line":364,"column":8},"end":{"line":364,"column":8}}]},"42":{"line":365,"type":"if","locations":[{"start":{"line":365,"column":8},"end":{"line":365,"column":8}},{"start":{"line":365,"column":8},"end":{"line":365,"column":8}}]},"43":{"line":366,"type":"if","locations":[{"start":{"line":366,"column":8},"end":{"line":366,"column":8}},{"start":{"line":366,"column":8},"end":{"line":366,"column":8}}]},"44":{"line":369,"type":"if","locations":[{"start":{"line":369,"column":8},"end":{"line":369,"column":8}},{"start":{"line":369,"column":8},"end":{"line":369,"column":8}}]},"45":{"line":370,"type":"if","locations":[{"start":{"line":370,"column":8},"end":{"line":370,"column":8}},{"start":{"line":370,"column":8},"end":{"line":370,"column":8}}]},"46":{"line":374,"type":"if","locations":[{"start":{"line":374,"column":8},"end":{"line":374,"column":8}},{"start":{"line":374,"column":8},"end":{"line":374,"column":8}}]},"47":{"line":388,"type":"if","locations":[{"start":{"line":388,"column":8},"end":{"line":388,"column":8}},{"start":{"line":388,"column":8},"end":{"line":388,"column":8}}]},"48":{"line":392,"type":"if","locations":[{"start":{"line":392,"column":12},"end":{"line":392,"column":12}},{"start":{"line":392,"column":12},"end":{"line":392,"column":12}}]},"49":{"line":396,"type":"if","locations":[{"start":{"line":396,"column":12},"end":{"line":396,"column":12}},{"start":{"line":396,"column":12},"end":{"line":396,"column":12}}]},"50":{"line":415,"type":"if","locations":[{"start":{"line":415,"column":36},"end":{"line":415,"column":36}},{"start":{"line":415,"column":36},"end":{"line":415,"column":36}}]},"51":{"line":416,"type":"if","locations":[{"start":{"line":416,"column":8},"end":{"line":416,"column":8}},{"start":{"line":416,"column":8},"end":{"line":416,"column":8}}]},"52":{"line":418,"type":"if","locations":[{"start":{"line":418,"column":8},"end":{"line":418,"column":8}},{"start":{"line":418,"column":8},"end":{"line":418,"column":8}}]},"53":{"line":419,"type":"if","locations":[{"start":{"line":419,"column":8},"end":{"line":419,"column":8}},{"start":{"line":419,"column":8},"end":{"line":419,"column":8}}]},"54":{"line":438,"type":"if","locations":[{"start":{"line":438,"column":67},"end":{"line":438,"column":67}},{"start":{"line":438,"column":67},"end":{"line":438,"column":67}}]},"55":{"line":439,"type":"if","locations":[{"start":{"line":439,"column":8},"end":{"line":439,"column":8}},{"start":{"line":439,"column":8},"end":{"line":439,"column":8}}]},"56":{"line":443,"type":"if","locations":[{"start":{"line":443,"column":8},"end":{"line":443,"column":8}},{"start":{"line":443,"column":8},"end":{"line":443,"column":8}}]},"57":{"line":448,"type":"if","locations":[{"start":{"line":448,"column":12},"end":{"line":448,"column":12}},{"start":{"line":448,"column":12},"end":{"line":448,"column":12}}]},"58":{"line":453,"type":"if","locations":[{"start":{"line":453,"column":8},"end":{"line":453,"column":8}},{"start":{"line":453,"column":8},"end":{"line":453,"column":8}}]},"59":{"line":458,"type":"if","locations":[{"start":{"line":458,"column":8},"end":{"line":458,"column":8}},{"start":{"line":458,"column":8},"end":{"line":458,"column":8}}]},"60":{"line":460,"type":"if","locations":[{"start":{"line":460,"column":16},"end":{"line":460,"column":16}},{"start":{"line":460,"column":16},"end":{"line":460,"column":16}}]},"61":{"line":475,"type":"if","locations":[{"start":{"line":475,"column":73},"end":{"line":475,"column":73}},{"start":{"line":475,"column":73},"end":{"line":475,"column":73}}]},"62":{"line":477,"type":"if","locations":[{"start":{"line":477,"column":8},"end":{"line":477,"column":8}},{"start":{"line":477,"column":8},"end":{"line":477,"column":8}}]},"63":{"line":478,"type":"if","locations":[{"start":{"line":478,"column":12},"end":{"line":478,"column":12}},{"start":{"line":478,"column":12},"end":{"line":478,"column":12}}]},"64":{"line":482,"type":"if","locations":[{"start":{"line":482,"column":8},"end":{"line":482,"column":8}},{"start":{"line":482,"column":8},"end":{"line":482,"column":8}}]},"65":{"line":483,"type":"if","locations":[{"start":{"line":483,"column":8},"end":{"line":483,"column":8}},{"start":{"line":483,"column":8},"end":{"line":483,"column":8}}]},"66":{"line":487,"type":"if","locations":[{"start":{"line":487,"column":8},"end":{"line":487,"column":8}},{"start":{"line":487,"column":8},"end":{"line":487,"column":8}}]},"67":{"line":492,"type":"if","locations":[{"start":{"line":492,"column":12},"end":{"line":492,"column":12}},{"start":{"line":492,"column":12},"end":{"line":492,"column":12}}]},"68":{"line":497,"type":"if","locations":[{"start":{"line":497,"column":8},"end":{"line":497,"column":8}},{"start":{"line":497,"column":8},"end":{"line":497,"column":8}}]},"69":{"line":509,"type":"if","locations":[{"start":{"line":509,"column":30},"end":{"line":509,"column":30}},{"start":{"line":509,"column":30},"end":{"line":509,"column":30}}]},"70":{"line":513,"type":"if","locations":[{"start":{"line":513,"column":32},"end":{"line":513,"column":32}},{"start":{"line":513,"column":32},"end":{"line":513,"column":32}}]},"71":{"line":521,"type":"if","locations":[{"start":{"line":521,"column":53},"end":{"line":521,"column":53}},{"start":{"line":521,"column":53},"end":{"line":521,"column":53}}]},"72":{"line":524,"type":"if","locations":[{"start":{"line":524,"column":8},"end":{"line":524,"column":8}},{"start":{"line":524,"column":8},"end":{"line":524,"column":8}}]},"73":{"line":529,"type":"if","locations":[{"start":{"line":529,"column":12},"end":{"line":529,"column":12}},{"start":{"line":529,"column":12},"end":{"line":529,"column":12}}]},"74":{"line":534,"type":"if","locations":[{"start":{"line":534,"column":8},"end":{"line":534,"column":8}},{"start":{"line":534,"column":8},"end":{"line":534,"column":8}}]},"75":{"line":542,"type":"if","locations":[{"start":{"line":542,"column":77},"end":{"line":542,"column":77}},{"start":{"line":542,"column":77},"end":{"line":542,"column":77}}]},"76":{"line":589,"type":"if","locations":[{"start":{"line":589,"column":44},"end":{"line":589,"column":44}},{"start":{"line":589,"column":44},"end":{"line":589,"column":44}}]}}},"contracts\\contracts\\PronovaToken.sol":{"l":{"84":76,"85":76,"88":76,"89":76,"90":76,"93":76,"111":114,"112":114,"126":114,"140":114,"141":114,"142":114,"143":114,"145":114,"146":57,"150":57,"151":57,"154":57,"155":57,"156":57,"157":57,"158":57,"159":57,"160":57,"161":57,"162":57,"165":57,"166":57,"167":57,"168":57,"169":57,"170":57,"171":57,"172":57,"173":57,"174":57,"182":112,"183":112,"186":112,"189":112,"190":112,"191":112,"192":112,"194":112,"195":56,"199":56,"200":56,"203":56,"206":56,"207":56,"210":56,"211":56,"212":56,"213":56,"215":56,"216":56,"218":56,"219":56,"220":56,"228":1,"229":1,"240":424,"242":1,"243":1,"246":1,"247":1,"248":1,"249":1,"253":1,"255":423,"258":422,"259":0,"268":1,"275":1,"287":3,"290":2,"292":2,"293":2,"294":2,"295":2,"297":2,"298":1,"302":1,"303":1,"305":1,"306":1,"308":1,"310":1,"317":1,"324":1,"340":1,"361":4,"384":0,"401":0,"408":776},"path":"D:\\Daamah\\Clients\\Final-pronova-website-with-presale\\pronova-website\\backend\\contracts\\contracts\\PronovaToken.sol","s":{"1":76,"2":76,"3":76,"4":76,"5":76,"6":114,"7":114,"8":114,"9":114,"10":114,"11":114,"12":57,"13":57,"14":57,"15":57,"16":57,"17":57,"18":57,"19":57,"20":57,"21":57,"22":57,"23":57,"24":112,"25":112,"26":112,"27":112,"28":112,"29":112,"30":56,"31":56,"32":56,"33":56,"34":56,"35":56,"36":56,"37":56,"38":56,"39":56,"40":56,"41":56,"42":1,"43":424,"44":1,"45":1,"46":1,"47":1,"48":1,"49":1,"50":423,"51":422,"52":1,"53":1,"54":3,"55":2,"56":2,"57":2,"58":2,"59":1,"60":1,"61":1,"62":1,"63":1,"64":1,"65":1,"66":1,"67":1,"68":4,"69":0,"70":0,"71":776},"b":{"1":[76,0],"2":[114,1],"3":[114,0],"4":[114,0],"5":[114,0],"6":[57,57],"7":[57,0],"8":[112,1],"9":[112,0],"10":[112,0],"11":[112,0],"12":[112,0],"13":[56,56],"14":[56,0],"15":[1,0],"16":[1,423],"17":[1,0],"18":[0,422],"19":[1,0],"20":[1,0],"21":[3,0],"22":[2,1],"23":[2,0],"24":[1,1],"25":[1,0],"26":[1,0],"27":[1,0],"28":[1,0],"29":[0,0],"30":[0,0]},"f":{"1":76,"2":114,"3":112,"4":1,"5":424,"6":1,"7":1,"8":3,"9":1,"10":1,"11":1,"12":4,"13":0,"14":0,"15":776},"fnMap":{"1":{"name":"constructor","line":83,"loc":{"start":{"line":83,"column":4},"end":{"line":94,"column":4}}},"2":{"name":"setAllocationWallets","line":110,"loc":{"start":{"line":100,"column":4},"end":{"line":175,"column":4}}},"3":{"name":"distributeAllocations","line":181,"loc":{"start":{"line":181,"column":4},"end":{"line":221,"column":4}}},"4":{"name":"setAutoBurn","line":227,"loc":{"start":{"line":227,"column":4},"end":{"line":230,"column":4}}},"5":{"name":"_update","line":235,"loc":{"start":{"line":235,"column":4},"end":{"line":262,"column":4}}},"6":{"name":"pause","line":267,"loc":{"start":{"line":267,"column":4},"end":{"line":269,"column":4}}},"7":{"name":"unpause","line":274,"loc":{"start":{"line":274,"column":4},"end":{"line":276,"column":4}}},"8":{"name":"emergencyWithdraw","line":285,"loc":{"start":{"line":285,"column":4},"end":{"line":311,"column":4}}},"9":{"name":"addAdmin","line":316,"loc":{"start":{"line":316,"column":4},"end":{"line":318,"column":4}}},"10":{"name":"removeAdmin","line":323,"loc":{"start":{"line":323,"column":4},"end":{"line":325,"column":4}}},"11":{"name":"getAllocationInfo","line":330,"loc":{"start":{"line":330,"column":4},"end":{"line":350,"column":4}}},"12":{"name":"getVestingInfo","line":355,"loc":{"start":{"line":355,"column":4},"end":{"line":367,"column":4}}},"13":{"name":"confirmSetAllocationWallets","line":383,"loc":{"start":{"line":373,"column":4},"end":{"line":395,"column":4}}},"14":{"name":"confirmDistributeAllocations","line":400,"loc":{"start":{"line":400,"column":4},"end":{"line":402,"column":4}}},"15":{"name":"hasRole","line":407,"loc":{"start":{"line":407,"column":4},"end":{"line":409,"column":4}}}},"statementMap":{"1":{"start":{"line":84,"column":8},"end":{"line":84,"column":72}},"2":{"start":{"line":88,"column":8},"end":{"line":88,"column":49}},"3":{"start":{"line":89,"column":8},"end":{"line":89,"column":41}},"4":{"start":{"line":90,"column":8},"end":{"line":90,"column":42}},"5":{"start":{"line":93,"column":8},"end":{"line":93,"column":41}},"6":{"start":{"line":111,"column":8},"end":{"line":111,"column":74}},"7":{"start":{"line":112,"column":8},"end":{"line":112,"column":5177}},"8":{"start":{"line":126,"column":8},"end":{"line":126,"column":5738}},"9":{"start":{"line":140,"column":8},"end":{"line":140,"column":6148}},"10":{"start":{"line":143,"column":12},"end":{"line":143,"column":60}},"11":{"start":{"line":145,"column":12},"end":{"line":145,"column":6406}},"12":{"start":{"line":146,"column":16},"end":{"line":146,"column":22}},"13":{"start":{"line":150,"column":8},"end":{"line":150,"column":77}},"14":{"start":{"line":165,"column":8},"end":{"line":165,"column":61}},"15":{"start":{"line":166,"column":8},"end":{"line":166,"column":61}},"16":{"start":{"line":167,"column":8},"end":{"line":167,"column":63}},"17":{"start":{"line":168,"column":8},"end":{"line":168,"column":69}},"18":{"start":{"line":169,"column":8},"end":{"line":169,"column":53}},"19":{"start":{"line":170,"column":8},"end":{"line":170,"column":63}},"20":{"start":{"line":171,"column":8},"end":{"line":171,"column":71}},"21":{"start":{"line":172,"column":8},"end":{"line":172,"column":63}},"22":{"start":{"line":173,"column":8},"end":{"line":173,"column":61}},"23":{"start":{"line":174,"column":8},"end":{"line":174,"column":43}},"24":{"start":{"line":182,"column":8},"end":{"line":182,"column":62}},"25":{"start":{"line":183,"column":8},"end":{"line":183,"column":64}},"26":{"start":{"line":186,"column":8},"end":{"line":186,"column":71}},"27":{"start":{"line":189,"column":8},"end":{"line":189,"column":8374}},"28":{"start":{"line":192,"column":12},"end":{"line":192,"column":60}},"29":{"start":{"line":194,"column":12},"end":{"line":194,"column":8632}},"30":{"start":{"line":195,"column":16},"end":{"line":195,"column":22}},"31":{"start":{"line":199,"column":8},"end":{"line":199,"column":67}},"32":{"start":{"line":203,"column":8},"end":{"line":203,"column":68}},"33":{"start":{"line":206,"column":8},"end":{"line":206,"column":94}},"34":{"start":{"line":207,"column":8},"end":{"line":207,"column":62}},"35":{"start":{"line":210,"column":8},"end":{"line":210,"column":70}},"36":{"start":{"line":211,"column":8},"end":{"line":211,"column":70}},"37":{"start":{"line":212,"column":8},"end":{"line":212,"column":87}},"38":{"start":{"line":213,"column":8},"end":{"line":213,"column":70}},"39":{"start":{"line":218,"column":8},"end":{"line":218,"column":52}},"40":{"start":{"line":219,"column":8},"end":{"line":219,"column":45}},"41":{"start":{"line":220,"column":8},"end":{"line":220,"column":43}},"42":{"start":{"line":229,"column":8},"end":{"line":229,"column":38}},"43":{"start":{"line":240,"column":8},"end":{"line":240,"column":10304}},"44":{"start":{"line":242,"column":12},"end":{"line":242,"column":68}},"45":{"start":{"line":243,"column":12},"end":{"line":243,"column":56}},"46":{"start":{"line":246,"column":12},"end":{"line":246,"column":10628}},"47":{"start":{"line":247,"column":16},"end":{"line":247,"column":58}},"48":{"start":{"line":249,"column":16},"end":{"line":249,"column":58}},"49":{"start":{"line":253,"column":12},"end":{"line":253,"column":50}},"50":{"start":{"line":255,"column":12},"end":{"line":255,"column":42}},"51":{"start":{"line":258,"column":12},"end":{"line":258,"column":11087}},"52":{"start":{"line":268,"column":8},"end":{"line":268,"column":15}},"53":{"start":{"line":275,"column":8},"end":{"line":275,"column":17}},"54":{"start":{"line":287,"column":8},"end":{"line":287,"column":77}},"55":{"start":{"line":290,"column":8},"end":{"line":290,"column":70}},"56":{"start":{"line":292,"column":8},"end":{"line":292,"column":12187}},"57":{"start":{"line":295,"column":12},"end":{"line":295,"column":60}},"58":{"start":{"line":297,"column":12},"end":{"line":297,"column":12445}},"59":{"start":{"line":298,"column":16},"end":{"line":298,"column":22}},"60":{"start":{"line":302,"column":8},"end":{"line":302,"column":67}},"61":{"start":{"line":305,"column":8},"end":{"line":305,"column":50}},"62":{"start":{"line":306,"column":8},"end":{"line":306,"column":12740}},"63":{"start":{"line":308,"column":12},"end":{"line":308,"column":60}},"64":{"start":{"line":310,"column":8},"end":{"line":310,"column":43}},"65":{"start":{"line":317,"column":8},"end":{"line":317,"column":35}},"66":{"start":{"line":324,"column":8},"end":{"line":324,"column":36}},"67":{"start":{"line":340,"column":8},"end":{"line":340,"column":13665}},"68":{"start":{"line":361,"column":8},"end":{"line":361,"column":14220}},"69":{"start":{"line":384,"column":8},"end":{"line":384,"column":14881}},"70":{"start":{"line":401,"column":8},"end":{"line":401,"column":35}},"71":{"start":{"line":408,"column":8},"end":{"line":408,"column":43}}},"branchMap":{"1":{"line":84,"type":"if","locations":[{"start":{"line":84,"column":8},"end":{"line":84,"column":8}},{"start":{"line":84,"column":8},"end":{"line":84,"column":8}}]},"2":{"line":110,"type":"if","locations":[{"start":{"line":110,"column":15},"end":{"line":110,"column":15}},{"start":{"line":110,"column":15},"end":{"line":110,"column":15}}]},"3":{"line":111,"type":"if","locations":[{"start":{"line":111,"column":8},"end":{"line":111,"column":8}},{"start":{"line":111,"column":8},"end":{"line":111,"column":8}}]},"4":{"line":112,"type":"if","locations":[{"start":{"line":112,"column":8},"end":{"line":112,"column":8}},{"start":{"line":112,"column":8},"end":{"line":112,"column":8}}]},"5":{"line":140,"type":"if","locations":[{"start":{"line":140,"column":8},"end":{"line":140,"column":8}},{"start":{"line":140,"column":8},"end":{"line":140,"column":8}}]},"6":{"line":145,"type":"if","locations":[{"start":{"line":145,"column":12},"end":{"line":145,"column":12}},{"start":{"line":145,"column":12},"end":{"line":145,"column":12}}]},"7":{"line":150,"type":"if","locations":[{"start":{"line":150,"column":8},"end":{"line":150,"column":8}},{"start":{"line":150,"column":8},"end":{"line":150,"column":8}}]},"8":{"line":181,"type":"if","locations":[{"start":{"line":181,"column":46},"end":{"line":181,"column":46}},{"start":{"line":181,"column":46},"end":{"line":181,"column":46}}]},"9":{"line":181,"type":"if","locations":[{"start":{"line":181,"column":67},"end":{"line":181,"column":67}},{"start":{"line":181,"column":67},"end":{"line":181,"column":67}}]},"10":{"line":182,"type":"if","locations":[{"start":{"line":182,"column":8},"end":{"line":182,"column":8}},{"start":{"line":182,"column":8},"end":{"line":182,"column":8}}]},"11":{"line":183,"type":"if","locations":[{"start":{"line":183,"column":8},"end":{"line":183,"column":8}},{"start":{"line":183,"column":8},"end":{"line":183,"column":8}}]},"12":{"line":189,"type":"if","locations":[{"start":{"line":189,"column":8},"end":{"line":189,"column":8}},{"start":{"line":189,"column":8},"end":{"line":189,"column":8}}]},"13":{"line":194,"type":"if","locations":[{"start":{"line":194,"column":12},"end":{"line":194,"column":12}},{"start":{"line":194,"column":12},"end":{"line":194,"column":12}}]},"14":{"line":199,"type":"if","locations":[{"start":{"line":199,"column":8},"end":{"line":199,"column":8}},{"start":{"line":199,"column":8},"end":{"line":199,"column":8}}]},"15":{"line":227,"type":"if","locations":[{"start":{"line":227,"column":49},"end":{"line":227,"column":49}},{"start":{"line":227,"column":49},"end":{"line":227,"column":49}}]},"16":{"line":240,"type":"if","locations":[{"start":{"line":240,"column":8},"end":{"line":240,"column":8}},{"start":{"line":240,"column":8},"end":{"line":240,"column":8}}]},"17":{"line":246,"type":"if","locations":[{"start":{"line":246,"column":12},"end":{"line":246,"column":12}},{"start":{"line":246,"column":12},"end":{"line":246,"column":12}}]},"18":{"line":258,"type":"if","locations":[{"start":{"line":258,"column":12},"end":{"line":258,"column":12}},{"start":{"line":258,"column":12},"end":{"line":258,"column":12}}]},"19":{"line":267,"type":"if","locations":[{"start":{"line":267,"column":28},"end":{"line":267,"column":28}},{"start":{"line":267,"column":28},"end":{"line":267,"column":28}}]},"20":{"line":274,"type":"if","locations":[{"start":{"line":274,"column":30},"end":{"line":274,"column":30}},{"start":{"line":274,"column":30},"end":{"line":274,"column":30}}]},"21":{"line":285,"type":"if","locations":[{"start":{"line":285,"column":42},"end":{"line":285,"column":42}},{"start":{"line":285,"column":42},"end":{"line":285,"column":42}}]},"22":{"line":287,"type":"if","locations":[{"start":{"line":287,"column":8},"end":{"line":287,"column":8}},{"start":{"line":287,"column":8},"end":{"line":287,"column":8}}]},"23":{"line":292,"type":"if","locations":[{"start":{"line":292,"column":8},"end":{"line":292,"column":8}},{"start":{"line":292,"column":8},"end":{"line":292,"column":8}}]},"24":{"line":297,"type":"if","locations":[{"start":{"line":297,"column":12},"end":{"line":297,"column":12}},{"start":{"line":297,"column":12},"end":{"line":297,"column":12}}]},"25":{"line":302,"type":"if","locations":[{"start":{"line":302,"column":8},"end":{"line":302,"column":8}},{"start":{"line":302,"column":8},"end":{"line":302,"column":8}}]},"26":{"line":306,"type":"if","locations":[{"start":{"line":306,"column":8},"end":{"line":306,"column":8}},{"start":{"line":306,"column":8},"end":{"line":306,"column":8}}]},"27":{"line":316,"type":"if","locations":[{"start":{"line":316,"column":46},"end":{"line":316,"column":46}},{"start":{"line":316,"column":46},"end":{"line":316,"column":46}}]},"28":{"line":323,"type":"if","locations":[{"start":{"line":323,"column":49},"end":{"line":323,"column":49}},{"start":{"line":323,"column":49},"end":{"line":323,"column":49}}]},"29":{"line":383,"type":"if","locations":[{"start":{"line":383,"column":15},"end":{"line":383,"column":15}},{"start":{"line":383,"column":15},"end":{"line":383,"column":15}}]},"30":{"line":400,"type":"if","locations":[{"start":{"line":400,"column":53},"end":{"line":400,"column":53}},{"start":{"line":400,"column":53},"end":{"line":400,"column":53}}]}}},"contracts\\contracts\\PronovaVesting.sol":{"l":{"84":31,"85":31,"87":31,"88":31,"91":31,"92":31,"93":31,"105":31,"106":31,"107":31,"110":31,"118":31,"119":30,"120":30,"121":30,"123":30,"124":15,"128":16,"129":15,"133":15,"134":15,"135":15,"138":15,"139":15,"140":15,"143":15,"144":15,"145":15,"147":15,"158":45,"159":45,"162":45,"163":45,"166":45,"167":45,"182":45,"195":45,"196":45,"197":45,"199":45,"207":45,"221":3,"222":3,"223":3,"224":3,"227":3,"228":2,"230":1,"243":1,"244":1,"246":1,"260":2,"262":2,"263":2,"265":2,"266":2,"269":2,"270":2,"271":2,"272":2,"275":2,"276":1,"279":2,"280":2,"287":1,"288":1,"290":1,"291":2,"292":2,"293":2,"294":2,"295":2,"296":2,"299":2,"300":1,"306":1,"308":1,"309":1,"311":1,"312":1,"319":31,"320":0,"323":31,"325":18,"328":13,"336":18,"339":18,"340":1,"344":17,"347":17,"348":0,"353":17,"356":17,"359":17,"360":5,"363":12,"370":13,"371":0,"373":8,"375":5,"376":5,"377":5,"385":4,"387":4,"388":4,"389":4,"391":4,"394":4,"395":4,"396":4,"397":4,"399":4,"400":2,"404":2,"405":2,"408":2,"409":2,"410":0,"411":0,"412":0,"413":0,"417":2,"418":2,"419":2,"422":2,"423":2,"424":2,"437":3,"438":3,"440":3,"452":12,"453":12,"455":12,"456":22,"457":22,"461":12,"465":1,"466":1,"468":1,"469":0,"472":1,"473":1,"474":0,"477":1,"478":1,"482":0,"483":0,"485":0,"486":0,"489":0,"499":10,"516":1},"path":"D:\\Daamah\\Clients\\Final-pronova-website-with-presale\\pronova-website\\backend\\contracts\\contracts\\PronovaVesting.sol","s":{"1":31,"2":31,"3":31,"4":31,"5":31,"6":31,"7":31,"8":31,"9":31,"10":31,"11":30,"12":30,"13":15,"14":16,"15":15,"16":15,"17":15,"18":15,"19":45,"20":45,"21":45,"22":45,"23":45,"24":45,"25":45,"26":45,"27":45,"28":3,"29":3,"30":3,"31":3,"32":3,"33":2,"34":1,"35":1,"36":2,"37":2,"38":2,"39":2,"40":2,"41":2,"42":2,"43":2,"44":1,"45":1,"46":1,"47":2,"48":2,"49":2,"50":2,"51":1,"52":1,"53":1,"54":31,"55":0,"56":31,"57":18,"58":13,"59":18,"60":18,"61":1,"62":17,"63":17,"64":17,"65":17,"66":17,"67":5,"68":12,"69":13,"70":0,"71":13,"72":8,"73":5,"74":5,"75":5,"76":4,"77":4,"78":4,"79":4,"80":4,"81":4,"82":4,"83":4,"84":2,"85":2,"86":2,"87":2,"88":0,"89":2,"90":2,"91":2,"92":2,"93":2,"94":3,"95":3,"96":3,"97":12,"98":12,"99":12,"100":22,"101":12,"102":1,"103":1,"104":1,"105":0,"106":1,"107":1,"108":0,"109":1,"110":1,"111":0,"112":0,"113":0,"114":0,"115":0,"116":10,"117":1},"b":{"1":[31,0],"2":[31,0],"3":[31,1],"4":[31,0],"5":[31,0],"6":[31,0],"7":[30,1],"8":[15,15],"9":[15,1],"10":[45,0],"11":[45,0],"12":[45,0],"13":[3,0],"14":[3,0],"15":[3,0],"16":[3,0],"17":[3,0],"18":[2,1],"19":[1,1],"20":[2,0],"21":[2,0],"22":[2,0],"23":[2,0],"24":[1,1],"25":[1,0],"26":[2,0],"27":[2,0],"28":[1,1],"29":[1,0],"30":[0,31],"31":[18,13],"32":[1,17],"33":[0,17],"34":[5,12],"35":[0,13],"36":[8,5],"37":[4,1],"38":[4,0],"39":[4,0],"40":[4,0],"41":[4,0],"42":[2,2],"43":[2,0],"44":[0,2],"45":[2,0],"46":[3,0],"47":[22,0],"48":[1,0],"49":[0,1],"50":[0,0],"51":[0,1],"52":[0,0],"53":[0,0]},"f":{"1":31,"2":31,"3":45,"4":3,"5":2,"6":1,"7":31,"8":18,"9":13,"10":4,"11":3,"12":12,"13":1,"14":0,"15":10,"16":1},"fnMap":{"1":{"name":"constructor","line":83,"loc":{"start":{"line":83,"column":4},"end":{"line":94,"column":4}}},"2":{"name":"setupWhitepaperAllocations","line":104,"loc":{"start":{"line":100,"column":4},"end":{"line":148,"column":4}}},"3":{"name":"_createWhitepaperVesting","line":153,"loc":{"start":{"line":153,"column":4},"end":{"line":208,"column":4}}},"4":{"name":"createCustomVesting","line":220,"loc":{"start":{"line":213,"column":4},"end":{"line":254,"column":4}}},"5":{"name":"release","line":259,"loc":{"start":{"line":259,"column":4},"end":{"line":281,"column":4}}},"6":{"name":"releaseAll","line":286,"loc":{"start":{"line":286,"column":4},"end":{"line":313,"column":4}}},"7":{"name":"_computeReleasableAmount","line":318,"loc":{"start":{"line":318,"column":4},"end":{"line":330,"column":4}}},"8":{"name":"_computeWhitepaperReleasableAmount","line":335,"loc":{"start":{"line":335,"column":4},"end":{"line":364,"column":4}}},"9":{"name":"_computeLinearReleasableAmount","line":369,"loc":{"start":{"line":369,"column":4},"end":{"line":379,"column":4}}},"10":{"name":"revoke","line":384,"loc":{"start":{"line":384,"column":4},"end":{"line":425,"column":4}}},"11":{"name":"getVestingSchedule","line":428,"loc":{"start":{"line":428,"column":4},"end":{"line":449,"column":4}}},"12":{"name":"getTotalReleasableAmount","line":451,"loc":{"start":{"line":451,"column":4},"end":{"line":462,"column":4}}},"13":{"name":"getNextUnlockTime","line":464,"loc":{"start":{"line":464,"column":4},"end":{"line":479,"column":4}}},"14":{"name":"getVestingProgress","line":481,"loc":{"start":{"line":481,"column":4},"end":{"line":490,"column":4}}},"15":{"name":"getBeneficiaryInfo","line":492,"loc":{"start":{"line":492,"column":4},"end":{"line":506,"column":4}}},"16":{"name":"getContractStats","line":508,"loc":{"start":{"line":508,"column":4},"end":{"line":524,"column":4}}}},"statementMap":{"1":{"start":{"line":84,"column":8},"end":{"line":84,"column":60}},"2":{"start":{"line":85,"column":8},"end":{"line":85,"column":72}},"3":{"start":{"line":91,"column":8},"end":{"line":91,"column":49}},"4":{"start":{"line":92,"column":8},"end":{"line":92,"column":41}},"5":{"start":{"line":93,"column":8},"end":{"line":93,"column":51}},"6":{"start":{"line":105,"column":8},"end":{"line":105,"column":72}},"7":{"start":{"line":106,"column":8},"end":{"line":106,"column":64}},"8":{"start":{"line":107,"column":8},"end":{"line":107,"column":80}},"9":{"start":{"line":110,"column":8},"end":{"line":110,"column":4519}},"10":{"start":{"line":118,"column":8},"end":{"line":118,"column":4741}},"11":{"start":{"line":121,"column":12},"end":{"line":121,"column":60}},"12":{"start":{"line":123,"column":12},"end":{"line":123,"column":4999}},"13":{"start":{"line":124,"column":16},"end":{"line":124,"column":22}},"14":{"start":{"line":128,"column":8},"end":{"line":128,"column":67}},"15":{"start":{"line":135,"column":8},"end":{"line":135,"column":82}},"16":{"start":{"line":140,"column":8},"end":{"line":140,"column":73}},"17":{"start":{"line":145,"column":8},"end":{"line":145,"column":90}},"18":{"start":{"line":147,"column":8},"end":{"line":147,"column":43}},"19":{"start":{"line":158,"column":8},"end":{"line":158,"column":64}},"20":{"start":{"line":159,"column":8},"end":{"line":159,"column":48}},"21":{"start":{"line":162,"column":8},"end":{"line":162,"column":65}},"22":{"start":{"line":163,"column":8},"end":{"line":163,"column":55}},"23":{"start":{"line":166,"column":8},"end":{"line":166,"column":6704}},"24":{"start":{"line":167,"column":12},"end":{"line":167,"column":6749}},"25":{"start":{"line":182,"column":8},"end":{"line":182,"column":7275}},"26":{"start":{"line":199,"column":8},"end":{"line":199,"column":7882}},"27":{"start":{"line":207,"column":8},"end":{"line":207,"column":59}},"28":{"start":{"line":221,"column":8},"end":{"line":221,"column":64}},"29":{"start":{"line":222,"column":8},"end":{"line":222,"column":48}},"30":{"start":{"line":223,"column":8},"end":{"line":223,"column":59}},"31":{"start":{"line":224,"column":8},"end":{"line":224,"column":68}},"32":{"start":{"line":227,"column":8},"end":{"line":227,"column":87}},"33":{"start":{"line":228,"column":8},"end":{"line":228,"column":87}},"34":{"start":{"line":230,"column":8},"end":{"line":230,"column":8958}},"35":{"start":{"line":246,"column":8},"end":{"line":246,"column":9484}},"36":{"start":{"line":260,"column":8},"end":{"line":260,"column":84}},"37":{"start":{"line":262,"column":8},"end":{"line":262,"column":86}},"38":{"start":{"line":263,"column":8},"end":{"line":263,"column":53}},"39":{"start":{"line":265,"column":8},"end":{"line":265,"column":69}},"40":{"start":{"line":266,"column":8},"end":{"line":266,"column":60}},"41":{"start":{"line":275,"column":8},"end":{"line":275,"column":10520}},"42":{"start":{"line":279,"column":8},"end":{"line":279,"column":62}},"43":{"start":{"line":280,"column":8},"end":{"line":280,"column":57}},"44":{"start":{"line":287,"column":8},"end":{"line":287,"column":35}},"45":{"start":{"line":288,"column":8},"end":{"line":288,"column":74}},"46":{"start":{"line":290,"column":8},"end":{"line":290,"column":10987}},"47":{"start":{"line":291,"column":12},"end":{"line":291,"column":11052}},"48":{"start":{"line":292,"column":16},"end":{"line":292,"column":81}},"49":{"start":{"line":293,"column":16},"end":{"line":293,"column":11184}},"50":{"start":{"line":299,"column":20},"end":{"line":299,"column":11526}},"51":{"start":{"line":306,"column":8},"end":{"line":306,"column":59}},"52":{"start":{"line":311,"column":8},"end":{"line":311,"column":61}},"53":{"start":{"line":312,"column":8},"end":{"line":312,"column":56}},"54":{"start":{"line":319,"column":8},"end":{"line":319,"column":12181}},"55":{"start":{"line":320,"column":12},"end":{"line":320,"column":20}},"56":{"start":{"line":323,"column":8},"end":{"line":323,"column":12266}},"57":{"start":{"line":325,"column":12},"end":{"line":325,"column":63}},"58":{"start":{"line":328,"column":12},"end":{"line":328,"column":59}},"59":{"start":{"line":336,"column":8},"end":{"line":336,"column":66}},"60":{"start":{"line":339,"column":8},"end":{"line":339,"column":12923}},"61":{"start":{"line":340,"column":12},"end":{"line":340,"column":65}},"62":{"start":{"line":344,"column":8},"end":{"line":344,"column":61}},"63":{"start":{"line":347,"column":8},"end":{"line":347,"column":13220}},"64":{"start":{"line":353,"column":8},"end":{"line":353,"column":83}},"65":{"start":{"line":356,"column":8},"end":{"line":356,"column":90}},"66":{"start":{"line":359,"column":8},"end":{"line":359,"column":13745}},"67":{"start":{"line":360,"column":12},"end":{"line":360,"column":58}},"68":{"start":{"line":363,"column":8},"end":{"line":363,"column":16}},"69":{"start":{"line":370,"column":8},"end":{"line":370,"column":14073}},"70":{"start":{"line":371,"column":12},"end":{"line":371,"column":20}},"71":{"start":{"line":372,"column":15},"end":{"line":372,"column":14179}},"72":{"start":{"line":373,"column":12},"end":{"line":373,"column":65}},"73":{"start":{"line":375,"column":12},"end":{"line":375,"column":72}},"74":{"start":{"line":376,"column":12},"end":{"line":376,"column":100}},"75":{"start":{"line":377,"column":12},"end":{"line":377,"column":57}},"76":{"start":{"line":385,"column":8},"end":{"line":385,"column":85}},"77":{"start":{"line":387,"column":8},"end":{"line":387,"column":87}},"78":{"start":{"line":388,"column":8},"end":{"line":388,"column":51}},"79":{"start":{"line":389,"column":8},"end":{"line":389,"column":52}},"80":{"start":{"line":391,"column":8},"end":{"line":391,"column":95}},"81":{"start":{"line":394,"column":8},"end":{"line":394,"column":15175}},"82":{"start":{"line":397,"column":12},"end":{"line":397,"column":60}},"83":{"start":{"line":399,"column":12},"end":{"line":399,"column":15433}},"84":{"start":{"line":400,"column":16},"end":{"line":400,"column":22}},"85":{"start":{"line":404,"column":8},"end":{"line":404,"column":67}},"86":{"start":{"line":408,"column":8},"end":{"line":408,"column":69}},"87":{"start":{"line":409,"column":8},"end":{"line":409,"column":15784}},"88":{"start":{"line":413,"column":12},"end":{"line":413,"column":67}},"89":{"start":{"line":417,"column":8},"end":{"line":417,"column":80}},"90":{"start":{"line":418,"column":8},"end":{"line":418,"column":16246}},"91":{"start":{"line":419,"column":12},"end":{"line":419,"column":69}},"92":{"start":{"line":423,"column":8},"end":{"line":423,"column":55}},"93":{"start":{"line":424,"column":8},"end":{"line":424,"column":43}},"94":{"start":{"line":437,"column":8},"end":{"line":437,"column":77}},"95":{"start":{"line":438,"column":8},"end":{"line":438,"column":78}},"96":{"start":{"line":440,"column":8},"end":{"line":440,"column":16993}},"97":{"start":{"line":452,"column":8},"end":{"line":452,"column":35}},"98":{"start":{"line":453,"column":8},"end":{"line":453,"column":74}},"99":{"start":{"line":455,"column":8},"end":{"line":455,"column":17486}},"100":{"start":{"line":456,"column":12},"end":{"line":456,"column":17551}},"101":{"start":{"line":461,"column":8},"end":{"line":461,"column":30}},"102":{"start":{"line":465,"column":8},"end":{"line":465,"column":85}},"103":{"start":{"line":466,"column":8},"end":{"line":466,"column":86}},"104":{"start":{"line":468,"column":8},"end":{"line":468,"column":18009}},"105":{"start":{"line":469,"column":12},"end":{"line":469,"column":20}},"106":{"start":{"line":472,"column":8},"end":{"line":472,"column":66}},"107":{"start":{"line":473,"column":8},"end":{"line":473,"column":18171}},"108":{"start":{"line":474,"column":12},"end":{"line":474,"column":20}},"109":{"start":{"line":477,"column":8},"end":{"line":477,"column":61}},"110":{"start":{"line":478,"column":8},"end":{"line":478,"column":75}},"111":{"start":{"line":482,"column":8},"end":{"line":482,"column":85}},"112":{"start":{"line":483,"column":8},"end":{"line":483,"column":86}},"113":{"start":{"line":485,"column":8},"end":{"line":485,"column":18701}},"114":{"start":{"line":486,"column":12},"end":{"line":486,"column":20}},"115":{"start":{"line":489,"column":8},"end":{"line":489,"column":69}},"116":{"start":{"line":499,"column":8},"end":{"line":499,"column":19091}},"117":{"start":{"line":516,"column":8},"end":{"line":516,"column":19617}}},"branchMap":{"1":{"line":84,"type":"if","locations":[{"start":{"line":84,"column":8},"end":{"line":84,"column":8}},{"start":{"line":84,"column":8},"end":{"line":84,"column":8}}]},"2":{"line":85,"type":"if","locations":[{"start":{"line":85,"column":8},"end":{"line":85,"column":8}},{"start":{"line":85,"column":8},"end":{"line":85,"column":8}}]},"3":{"line":104,"type":"if","locations":[{"start":{"line":104,"column":15},"end":{"line":104,"column":15}},{"start":{"line":104,"column":15},"end":{"line":104,"column":15}}]},"4":{"line":105,"type":"if","locations":[{"start":{"line":105,"column":8},"end":{"line":105,"column":8}},{"start":{"line":105,"column":8},"end":{"line":105,"column":8}}]},"5":{"line":106,"type":"if","locations":[{"start":{"line":106,"column":8},"end":{"line":106,"column":8}},{"start":{"line":106,"column":8},"end":{"line":106,"column":8}}]},"6":{"line":107,"type":"if","locations":[{"start":{"line":107,"column":8},"end":{"line":107,"column":8}},{"start":{"line":107,"column":8},"end":{"line":107,"column":8}}]},"7":{"line":118,"type":"if","locations":[{"start":{"line":118,"column":8},"end":{"line":118,"column":8}},{"start":{"line":118,"column":8},"end":{"line":118,"column":8}}]},"8":{"line":123,"type":"if","locations":[{"start":{"line":123,"column":12},"end":{"line":123,"column":12}},{"start":{"line":123,"column":12},"end":{"line":123,"column":12}}]},"9":{"line":128,"type":"if","locations":[{"start":{"line":128,"column":8},"end":{"line":128,"column":8}},{"start":{"line":128,"column":8},"end":{"line":128,"column":8}}]},"10":{"line":158,"type":"if","locations":[{"start":{"line":158,"column":8},"end":{"line":158,"column":8}},{"start":{"line":158,"column":8},"end":{"line":158,"column":8}}]},"11":{"line":159,"type":"if","locations":[{"start":{"line":159,"column":8},"end":{"line":159,"column":8}},{"start":{"line":159,"column":8},"end":{"line":159,"column":8}}]},"12":{"line":166,"type":"if","locations":[{"start":{"line":166,"column":8},"end":{"line":166,"column":8}},{"start":{"line":166,"column":8},"end":{"line":166,"column":8}}]},"13":{"line":220,"type":"if","locations":[{"start":{"line":220,"column":15},"end":{"line":220,"column":15}},{"start":{"line":220,"column":15},"end":{"line":220,"column":15}}]},"14":{"line":221,"type":"if","locations":[{"start":{"line":221,"column":8},"end":{"line":221,"column":8}},{"start":{"line":221,"column":8},"end":{"line":221,"column":8}}]},"15":{"line":222,"type":"if","locations":[{"start":{"line":222,"column":8},"end":{"line":222,"column":8}},{"start":{"line":222,"column":8},"end":{"line":222,"column":8}}]},"16":{"line":223,"type":"if","locations":[{"start":{"line":223,"column":8},"end":{"line":223,"column":8}},{"start":{"line":223,"column":8},"end":{"line":223,"column":8}}]},"17":{"line":224,"type":"if","locations":[{"start":{"line":224,"column":8},"end":{"line":224,"column":8}},{"start":{"line":224,"column":8},"end":{"line":224,"column":8}}]},"18":{"line":227,"type":"if","locations":[{"start":{"line":227,"column":8},"end":{"line":227,"column":8}},{"start":{"line":227,"column":8},"end":{"line":227,"column":8}}]},"19":{"line":228,"type":"if","locations":[{"start":{"line":228,"column":8},"end":{"line":228,"column":8}},{"start":{"line":228,"column":8},"end":{"line":228,"column":8}}]},"20":{"line":259,"type":"if","locations":[{"start":{"line":259,"column":53},"end":{"line":259,"column":53}},{"start":{"line":259,"column":53},"end":{"line":259,"column":53}}]},"21":{"line":260,"type":"if","locations":[{"start":{"line":260,"column":8},"end":{"line":260,"column":8}},{"start":{"line":260,"column":8},"end":{"line":260,"column":8}}]},"22":{"line":263,"type":"if","locations":[{"start":{"line":263,"column":8},"end":{"line":263,"column":8}},{"start":{"line":263,"column":8},"end":{"line":263,"column":8}}]},"23":{"line":266,"type":"if","locations":[{"start":{"line":266,"column":8},"end":{"line":266,"column":8}},{"start":{"line":266,"column":8},"end":{"line":266,"column":8}}]},"24":{"line":275,"type":"if","locations":[{"start":{"line":275,"column":8},"end":{"line":275,"column":8}},{"start":{"line":275,"column":8},"end":{"line":275,"column":8}}]},"25":{"line":286,"type":"if","locations":[{"start":{"line":286,"column":35},"end":{"line":286,"column":35}},{"start":{"line":286,"column":35},"end":{"line":286,"column":35}}]},"26":{"line":291,"type":"if","locations":[{"start":{"line":291,"column":12},"end":{"line":291,"column":12}},{"start":{"line":291,"column":12},"end":{"line":291,"column":12}}]},"27":{"line":293,"type":"if","locations":[{"start":{"line":293,"column":16},"end":{"line":293,"column":16}},{"start":{"line":293,"column":16},"end":{"line":293,"column":16}}]},"28":{"line":299,"type":"if","locations":[{"start":{"line":299,"column":20},"end":{"line":299,"column":20}},{"start":{"line":299,"column":20},"end":{"line":299,"column":20}}]},"29":{"line":306,"type":"if","locations":[{"start":{"line":306,"column":8},"end":{"line":306,"column":8}},{"start":{"line":306,"column":8},"end":{"line":306,"column":8}}]},"30":{"line":319,"type":"if","locations":[{"start":{"line":319,"column":8},"end":{"line":319,"column":8}},{"start":{"line":319,"column":8},"end":{"line":319,"column":8}}]},"31":{"line":323,"type":"if","locations":[{"start":{"line":323,"column":8},"end":{"line":323,"column":8}},{"start":{"line":323,"column":8},"end":{"line":323,"column":8}}]},"32":{"line":339,"type":"if","locations":[{"start":{"line":339,"column":8},"end":{"line":339,"column":8}},{"start":{"line":339,"column":8},"end":{"line":339,"column":8}}]},"33":{"line":347,"type":"if","locations":[{"start":{"line":347,"column":8},"end":{"line":347,"column":8}},{"start":{"line":347,"column":8},"end":{"line":347,"column":8}}]},"34":{"line":359,"type":"if","locations":[{"start":{"line":359,"column":8},"end":{"line":359,"column":8}},{"start":{"line":359,"column":8},"end":{"line":359,"column":8}}]},"35":{"line":370,"type":"if","locations":[{"start":{"line":370,"column":8},"end":{"line":370,"column":8}},{"start":{"line":370,"column":8},"end":{"line":370,"column":8}}]},"36":{"line":372,"type":"if","locations":[{"start":{"line":372,"column":15},"end":{"line":372,"column":15}},{"start":{"line":372,"column":15},"end":{"line":372,"column":15}}]},"37":{"line":384,"type":"if","locations":[{"start":{"line":384,"column":73},"end":{"line":384,"column":73}},{"start":{"line":384,"column":73},"end":{"line":384,"column":73}}]},"38":{"line":385,"type":"if","locations":[{"start":{"line":385,"column":8},"end":{"line":385,"column":8}},{"start":{"line":385,"column":8},"end":{"line":385,"column":8}}]},"39":{"line":388,"type":"if","locations":[{"start":{"line":388,"column":8},"end":{"line":388,"column":8}},{"start":{"line":388,"column":8},"end":{"line":388,"column":8}}]},"40":{"line":389,"type":"if","locations":[{"start":{"line":389,"column":8},"end":{"line":389,"column":8}},{"start":{"line":389,"column":8},"end":{"line":389,"column":8}}]},"41":{"line":394,"type":"if","locations":[{"start":{"line":394,"column":8},"end":{"line":394,"column":8}},{"start":{"line":394,"column":8},"end":{"line":394,"column":8}}]},"42":{"line":399,"type":"if","locations":[{"start":{"line":399,"column":12},"end":{"line":399,"column":12}},{"start":{"line":399,"column":12},"end":{"line":399,"column":12}}]},"43":{"line":404,"type":"if","locations":[{"start":{"line":404,"column":8},"end":{"line":404,"column":8}},{"start":{"line":404,"column":8},"end":{"line":404,"column":8}}]},"44":{"line":409,"type":"if","locations":[{"start":{"line":409,"column":8},"end":{"line":409,"column":8}},{"start":{"line":409,"column":8},"end":{"line":409,"column":8}}]},"45":{"line":418,"type":"if","locations":[{"start":{"line":418,"column":8},"end":{"line":418,"column":8}},{"start":{"line":418,"column":8},"end":{"line":418,"column":8}}]},"46":{"line":437,"type":"if","locations":[{"start":{"line":437,"column":8},"end":{"line":437,"column":8}},{"start":{"line":437,"column":8},"end":{"line":437,"column":8}}]},"47":{"line":456,"type":"if","locations":[{"start":{"line":456,"column":12},"end":{"line":456,"column":12}},{"start":{"line":456,"column":12},"end":{"line":456,"column":12}}]},"48":{"line":465,"type":"if","locations":[{"start":{"line":465,"column":8},"end":{"line":465,"column":8}},{"start":{"line":465,"column":8},"end":{"line":465,"column":8}}]},"49":{"line":468,"type":"if","locations":[{"start":{"line":468,"column":8},"end":{"line":468,"column":8}},{"start":{"line":468,"column":8},"end":{"line":468,"column":8}}]},"50":{"line":468,"type":"cond-expr","locations":[{"start":{"line":468,"column":12},"end":{"line":468,"column":36}},{"start":{"line":468,"column":41},"end":{"line":468,"column":56}}]},"51":{"line":473,"type":"if","locations":[{"start":{"line":473,"column":8},"end":{"line":473,"column":8}},{"start":{"line":473,"column":8},"end":{"line":473,"column":8}}]},"52":{"line":482,"type":"if","locations":[{"start":{"line":482,"column":8},"end":{"line":482,"column":8}},{"start":{"line":482,"column":8},"end":{"line":482,"column":8}}]},"53":{"line":485,"type":"if","locations":[{"start":{"line":485,"column":8},"end":{"line":485,"column":8}},{"start":{"line":485,"column":8},"end":{"line":485,"column":8}}]}}}}